<?xml version="1.0" encoding="UTF-8"?>
<!-- Generated by org.testng.reporters.JUnitXMLReporter -->
<testsuite hostname="KAPIL-PC" ignored="0" name="Default test" tests="3" failures="0" timestamp="08 Oct 2020 05:11:10 GMT" time="2.013" errors="0">
  <testcase name="runScenario" time="0.499" classname="io.cucumber.testng.AbstractTestNGCucumberTests">
    <skipped/>
  </testcase> <!-- runScenario -->
  <testcase name="runScenario" time="0.017" classname="io.cucumber.testng.AbstractTestNGCucumberTests">
    <skipped/>
  </testcase> <!-- runScenario -->
  <testcase name="runScenario" time="0.0" classname="io.cucumber.testng.AbstractTestNGCucumberTests">
    <skipped/>
  </testcase> <!-- runScenario -->
</testsuite> <!-- Default test -->
