<?xml version="1.0" encoding="UTF-8"?>
<testng-results skipped="0" failed="0" ignored="0" total="0" passed="0">
  <reporter-output>
  </reporter-output>
  <suite name="Default suite" duration-ms="529" started-at="2020-09-18T06:30:06Z" finished-at="2020-09-18T06:30:06Z">
    <groups>
      <group name="cucumber">
        <method signature="AbstractTestNGCucumberTests.runScenario(io.cucumber.testng.PickleWrapper, io.cucumber.testng.FeatureWrapper)[pri:0, instance:testRunner.TestRun@6ebc05a6]" name="runScenario" class="io.cucumber.testng.AbstractTestNGCucumberTests"/>
      </group> <!-- cucumber -->
    </groups>
    <test name="Default test" duration-ms="529" started-at="2020-09-18T06:30:06Z" finished-at="2020-09-18T06:30:06Z">
      <class name="testRunner.TestRun">
        <test-method status="FAIL" signature="setUpClass()[pri:0, instance:testRunner.TestRun@6ebc05a6]" name="setUpClass" is-config="true" duration-ms="466" started-at="2020-09-18T06:30:06Z" finished-at="2020-09-18T06:30:06Z">
          <exception class="io.cucumber.core.exception.CucumberException">
            <message>
              <![CDATA[io.cucumber.core.exception.CucumberException: java.io.IOException: Failed to create directory C:\Users\KAPIL\eclipse-workspace-2020\IJmeet\Report\ExtentsCucumberReport]]>
            </message>
            <full-stacktrace>
              <![CDATA[io.cucumber.core.exception.CucumberException: io.cucumber.core.exception.CucumberException: java.io.IOException: Failed to create directory C:\Users\KAPIL\eclipse-workspace-2020\IJmeet\Report\ExtentsCucumberReport
at io.cucumber.core.plugin.PluginFactory.newInstance(PluginFactory.java:85)
at io.cucumber.core.plugin.PluginFactory.instantiate(PluginFactory.java:68)
at io.cucumber.core.plugin.PluginFactory.create(PluginFactory.java:55)
at io.cucumber.core.plugin.Plugins.createPlugins(Plugins.java:48)
at io.cucumber.core.plugin.Plugins.<init>(Plugins.java:25)
at io.cucumber.testng.TestNGCucumberRunner.<init>(TestNGCucumberRunner.java:104)
at io.cucumber.testng.AbstractTestNGCucumberTests.setUpClass(AbstractTestNGCucumberTests.java:22)
at sun.reflect.NativeMethodAccessorImpl.invoke0(Native Method)
at sun.reflect.NativeMethodAccessorImpl.invoke(Unknown Source)
at sun.reflect.DelegatingMethodAccessorImpl.invoke(Unknown Source)
at java.lang.reflect.Method.invoke(Unknown Source)
at org.testng.internal.MethodInvocationHelper.invokeMethod(MethodInvocationHelper.java:124)
at org.testng.internal.MethodInvocationHelper.invokeMethodConsideringTimeout(MethodInvocationHelper.java:59)
at org.testng.internal.Invoker.invokeConfigurationMethod(Invoker.java:458)
at org.testng.internal.Invoker.invokeConfigurations(Invoker.java:222)
at org.testng.internal.Invoker.invokeConfigurations(Invoker.java:142)
at org.testng.internal.TestMethodWorker.invokeBeforeClassMethods(TestMethodWorker.java:168)
at org.testng.internal.TestMethodWorker.run(TestMethodWorker.java:105)
at org.testng.TestRunner.privateRun(TestRunner.java:648)
at org.testng.TestRunner.run(TestRunner.java:505)
at org.testng.SuiteRunner.runTest(SuiteRunner.java:455)
at org.testng.SuiteRunner.runSequentially(SuiteRunner.java:450)
at org.testng.SuiteRunner.privateRun(SuiteRunner.java:415)
at org.testng.SuiteRunner.run(SuiteRunner.java:364)
at org.testng.SuiteRunnerWorker.runSuite(SuiteRunnerWorker.java:52)
at org.testng.SuiteRunnerWorker.run(SuiteRunnerWorker.java:84)
at org.testng.TestNG.runSuitesSequentially(TestNG.java:1208)
at org.testng.TestNG.runSuitesLocally(TestNG.java:1137)
at org.testng.TestNG.runSuites(TestNG.java:1049)
at org.testng.TestNG.run(TestNG.java:1017)
at org.testng.remote.AbstractRemoteTestNG.run(AbstractRemoteTestNG.java:115)
at org.testng.remote.RemoteTestNG.initAndRun(RemoteTestNG.java:251)
at org.testng.remote.RemoteTestNG.main(RemoteTestNG.java:77)
Caused by: io.cucumber.core.exception.CucumberException: java.io.IOException: Failed to create directory C:\Users\KAPIL\eclipse-workspace-2020\IJmeet\Report\ExtentsCucumberReport
at io.cucumber.core.plugin.HTMLFormatter.createReportFileOutputStream(HTMLFormatter.java:504)
at io.cucumber.core.plugin.HTMLFormatter.createJsOut(HTMLFormatter.java:494)
at io.cucumber.core.plugin.HTMLFormatter.<init>(HTMLFormatter.java:88)
at sun.reflect.NativeConstructorAccessorImpl.newInstance0(Native Method)
at sun.reflect.NativeConstructorAccessorImpl.newInstance(Unknown Source)
at sun.reflect.DelegatingConstructorAccessorImpl.newInstance(Unknown Source)
at java.lang.reflect.Constructor.newInstance(Unknown Source)
at io.cucumber.core.plugin.PluginFactory.newInstance(PluginFactory.java:81)
... 32 more
Caused by: java.io.IOException: Failed to create directory C:\Users\KAPIL\eclipse-workspace-2020\IJmeet\Report\ExtentsCucumberReport
at io.cucumber.core.plugin.URLOutputStream.ensureParentDirExists(URLOutputStream.java:62)
at io.cucumber.core.plugin.URLOutputStream.<init>(URLOutputStream.java:42)
at io.cucumber.core.plugin.URLOutputStream.<init>(URLOutputStream.java:33)
at io.cucumber.core.plugin.HTMLFormatter.createReportFileOutputStream(HTMLFormatter.java:502)
... 39 more
]]>
            </full-stacktrace>
          </exception> <!-- io.cucumber.core.exception.CucumberException -->
          <reporter-output>
          </reporter-output>
        </test-method> <!-- setUpClass -->
        <test-method status="PASS" signature="tearDownClass()[pri:0, instance:testRunner.TestRun@6ebc05a6]" name="tearDownClass" is-config="true" duration-ms="0" started-at="2020-09-18T06:30:06Z" finished-at="2020-09-18T06:30:06Z">
          <reporter-output>
          </reporter-output>
        </test-method> <!-- tearDownClass -->
      </class> <!-- testRunner.TestRun -->
    </test> <!-- Default test -->
  </suite> <!-- Default suite -->
</testng-results>
